  .cpp
D:\StudySpace\study\02.23\.cpp(10,9): error C2059: 语法错误:“:”
D:\StudySpace\study\02.23\.cpp(11,2): error C2143: 语法错误: 缺少“;”(在“{”的前面)
